<?xml version="1.0" encoding="UTF-8"?>
<!-- Generated by org.testng.reporters.JUnitXMLReporter -->
<testsuite hostname="ValuedCustomer" ignored="1" name="NegativeTest" tests="2" failures="0" timestamp="14 Mar 2019 20:57:36 GMT" time="38.968" errors="0">
  <testcase name="incorrectPasswordTest" time="21.723" classname="com.herokuapp.theinternet.PosAndNegativeTests"/>
  <testcase name="incorrectUsernameTest" time="17.117" classname="com.herokuapp.theinternet.PosAndNegativeTests"/>
  <testcase name="loginTest" time="0.0" classname="com.herokuapp.theinternet.PosAndNegativeTests">
    <ignored/>
  </testcase> <!-- loginTest -->
</testsuite> <!-- NegativeTest -->
