<?xml version="1.0" encoding="UTF-8"?>
<!-- Generated by org.testng.reporters.JUnitXMLReporter -->
<testsuite hostname="ValuedCustomer" ignored="0" name="NegativeTest" tests="2" failures="0" timestamp="14 Mar 2019 18:55:08 GMT" time="34.747" errors="0">
  <testcase name="incorrectPasswordTest" time="18.568" classname="com.herokuapp.theinternet.NegativeTests"/>
  <testcase name="incorrectUsernameTest" time="16.168" classname="com.herokuapp.theinternet.NegativeTests"/>
</testsuite> <!-- NegativeTest -->
