<?xml version="1.0" encoding="UTF-8"?>
<!-- Generated by org.testng.reporters.JUnitXMLReporter -->
<testsuite hostname="ValuedCustomer" ignored="0" name="Default test" tests="2" failures="0" timestamp="14 Mar 2019 17:57:47 GMT" time="44.302" errors="0">
  <testcase name="incorrectPasswordTest" time="25.017" classname="com.herokuapp.theinternet.NegativeTests"/>
  <testcase name="incorrectUsernameTest" time="19.142" classname="com.herokuapp.theinternet.NegativeTests"/>
</testsuite> <!-- Default test -->
