<?xml version="1.0" encoding="UTF-8"?>
<!-- Generated by org.testng.reporters.JUnitXMLReporter -->
<testsuite hostname="ValuedCustomer" ignored="0" name="NegativeTest" tests="2" failures="0" timestamp="14 Mar 2019 18:46:55 GMT" time="34.186" errors="0">
  <testcase name="incorrectPasswordTest" time="18.419" classname="com.herokuapp.theinternet.NegativeTests"/>
  <testcase name="incorrectUsernameTest" time="15.733" classname="com.herokuapp.theinternet.NegativeTests"/>
</testsuite> <!-- NegativeTest -->
