<?xml version="1.0" encoding="UTF-8"?>
<testng-results skipped="0" failed="0" ignored="0" total="1" passed="1">
  <reporter-output>
  </reporter-output>
  <suite name="Surefire suite" duration-ms="22312" started-at="2019-02-24T06:19:46Z" finished-at="2019-02-24T06:20:09Z">
    <groups>
    </groups>
    <test name="Surefire test" duration-ms="22312" started-at="2019-02-24T06:19:46Z" finished-at="2019-02-24T06:20:09Z">
      <class name="com.herokuapp.theinternet.PositiveTests">
        <test-method status="PASS" signature="loginTest()[pri:0, instance:com.herokuapp.theinternet.PositiveTests@5ebec15]" name="loginTest" duration-ms="22163" started-at="2019-02-24T06:19:46Z" finished-at="2019-02-24T06:20:09Z">
          <reporter-output>
          </reporter-output>
        </test-method> <!-- loginTest -->
      </class> <!-- com.herokuapp.theinternet.PositiveTests -->
    </test> <!-- Surefire test -->
  </suite> <!-- Surefire suite -->
</testng-results>
