<?xml version="1.0" encoding="UTF-8"?>
<!-- Generated by org.testng.reporters.JUnitXMLReporter -->
<testsuite hostname="ValuedCustomer" ignored="1" name="NegativeTest" tests="2" failures="0" timestamp="16 Mar 2019 17:38:18 GMT" time="41.764" errors="0">
  <testcase name="incorrectPasswordTest" time="25.161" classname="com.herokuapp.theinternet.PosAndNegativeTests"/>
  <testcase name="incorrectUsernameTest" time="16.461" classname="com.herokuapp.theinternet.PosAndNegativeTests"/>
  <testcase name="loginTest" time="0.0" classname="com.herokuapp.theinternet.PosAndNegativeTests">
    <ignored/>
  </testcase> <!-- loginTest -->
</testsuite> <!-- NegativeTest -->
